# JRE version: OpenJDK Runtime Environment (15.0.1+9) (build 15.0.1+9-18)
# Java VM: OpenJDK 64-Bit Server VM (15.0.1+9-18, mixed mode, tiered, compressed oops, g1 gc, windows-amd64)
GC Precious Log:
 CPUs: 4 total, 4 available
 Memory: 7966M
 Large Page Support: Disabled
 NUMA Support: Disabled
 Compressed Oops: Enabled (32-bit)
 Heap Region Size: 1M
 Heap Min Capacity: 8M
 Heap Initial Capacity: 126M
 Heap Max Capacity: 1992M
 Pre-touch: Disabled
 Parallel Workers: 4
 Concurrent Workers: 1
 Concurrent Refinement Workers: 4
 Periodic GC: Disabled
Heap:
 garbage-first heap   total 252928K, used 149138K [0x0000000083800000, 0x0000000100000000)
  region size 1024K, 3 young (3072K), 2 survivors (2048K)
 Metaspace       used 24521K, capacity 24812K, committed 25008K, reserved 1071104K
  class space    used 2699K, capacity 2781K, committed 2816K, reserved 1048576K
GC Heap History (20 events):
Event: 1.257 GC heap before
{Heap before GC invocations=1 (full 0):
 garbage-first heap   total 129024K, used 15326K [0x0000000083800000, 0x0000000100000000)
  region size 1024K, 13 young (13312K), 2 survivors (2048K)
 Metaspace       used 15455K, capacity 15676K, committed 15744K, reserved 1062912K
  class space    used 1536K, capacity 1615K, committed 1664K, reserved 1048576K
}
Event: 1.261 GC heap after
{Heap after GC invocations=2 (full 0):
 garbage-first heap   total 129024K, used 5728K [0x0000000083800000, 0x0000000100000000)
  region size 1024K, 2 young (2048K), 2 survivors (2048K)
 Metaspace       used 15455K, capacity 15676K, committed 15744K, reserved 1062912K
  class space    used 1536K, capacity 1615K, committed 1664K, reserved 1048576K
}
Event: 2.095 GC heap before
{Heap before GC invocations=2 (full 0):
 garbage-first heap   total 129024K, used 22112K [0x0000000083800000, 0x0000000100000000)
  region size 1024K, 19 young (19456K), 2 survivors (2048K)
 Metaspace       used 20889K, capacity 21090K, committed 21296K, reserved 1069056K
  class space    used 2247K, capacity 2310K, committed 2432K, reserved 1048576K
}
Event: 2.098 GC heap after
{Heap after GC invocations=3 (full 0):
 garbage-first heap   total 129024K, used 6947K [0x0000000083800000, 0x0000000100000000)
  region size 1024K, 3 young (3072K), 3 survivors (3072K)
 Metaspace       used 20889K, capacity 21090K, committed 21296K, reserved 1069056K
  class space    used 2247K, capacity 2310K, committed 2432K, reserved 1048576K
}
Event: 2.289 GC heap before
{Heap before GC invocations=4 (full 0):
 garbage-first heap   total 27648K, used 15139K [0x0000000083800000, 0x0000000100000000)
  region size 1024K, 12 young (12288K), 3 survivors (3072K)
 Metaspace       used 23145K, capacity 23378K, committed 23600K, reserved 1071104K
  class space    used 2556K, capacity 2645K, committed 2688K, reserved 1048576K
}
Event: 2.292 GC heap after
{Heap after GC invocations=5 (full 0):
 garbage-first heap   total 27648K, used 7583K [0x0000000083800000, 0x0000000100000000)
  region size 1024K, 4 young (4096K), 4 survivors (4096K)
 Metaspace       used 23145K, capacity 23378K, committed 23600K, reserved 1071104K
  class space    used 2556K, capacity 2645K, committed 2688K, reserved 1048576K
}
Event: 5.258 GC heap before
{Heap before GC invocations=6 (full 0):
 garbage-first heap   total 45056K, used 28063K [0x0000000083800000, 0x0000000100000000)
  region size 1024K, 8 young (8192K), 4 survivors (4096K)
 Metaspace       used 24348K, capacity 24620K, committed 24752K, reserved 1071104K
  class space    used 2684K, capacity 2781K, committed 2816K, reserved 1048576K
}
Event: 5.263 GC heap after
{Heap after GC invocations=7 (full 0):
 garbage-first heap   total 45056K, used 25837K [0x0000000083800000, 0x0000000100000000)
  region size 1024K, 2 young (2048K), 2 survivors (2048K)
 Metaspace       used 24348K, capacity 24620K, committed 24752K, reserved 1071104K
  class space    used 2684K, capacity 2781K, committed 2816K, reserved 1048576K
}
Event: 14.622 GC heap before
{Heap before GC invocations=8 (full 0):
 garbage-first heap   total 75776K, used 43245K [0x0000000083800000, 0x0000000100000000)
  region size 1024K, 3 young (3072K), 2 survivors (2048K)
 Metaspace       used 24403K, capacity 24684K, committed 24752K, reserved 1071104K
  class space    used 2692K, capacity 2781K, committed 2816K, reserved 1048576K
}
Event: 14.623 GC heap after
{Heap after GC invocations=9 (full 0):
 garbage-first heap   total 75776K, used 43468K [0x0000000083800000, 0x0000000100000000)
  region size 1024K, 2 young (2048K), 2 survivors (2048K)
 Metaspace       used 24403K, capacity 24684K, committed 24752K, reserved 1071104K
  class space    used 2692K, capacity 2781K, committed 2816K, reserved 1048576K
}
Event: 16.761 GC heap before
{Heap before GC invocations=10 (full 0):
 garbage-first heap   total 106496K, used 60876K [0x0000000083800000, 0x0000000100000000)
  region size 1024K, 3 young (3072K), 2 survivors (2048K)
 Metaspace       used 24448K, capacity 24684K, committed 24752K, reserved 1071104K
  class space    used 2697K, capacity 2781K, committed 2816K, reserved 1048576K
}
Event: 16.762 GC heap after
{Heap after GC invocations=11 (full 0):
 garbage-first heap   total 106496K, used 61202K [0x0000000083800000, 0x0000000100000000)
  region size 1024K, 1 young (1024K), 1 survivors (1024K)
 Metaspace       used 24448K, capacity 24684K, committed 24752K, reserved 1071104K
  class space    used 2697K, capacity 2781K, committed 2816K, reserved 1048576K
}
Event: 16.795 GC heap before
{Heap before GC invocations=12 (full 0):
 garbage-first heap   total 135168K, used 78610K [0x0000000083800000, 0x0000000100000000)
  region size 1024K, 2 young (2048K), 1 survivors (1024K)
 Metaspace       used 24488K, capacity 24684K, committed 24752K, reserved 1071104K
  class space    used 2699K, capacity 2781K, committed 2816K, reserved 1048576K
}
Event: 16.795 GC heap after
{Heap after GC invocations=13 (full 0):
 garbage-first heap   total 135168K, used 78752K [0x0000000083800000, 0x0000000100000000)
  region size 1024K, 1 young (1024K), 1 survivors (1024K)
 Metaspace       used 24488K, capacity 24684K, committed 24752K, reserved 1071104K
  class space    used 2699K, capacity 2781K, committed 2816K, reserved 1048576K
}
Event: 16.880 GC heap before
{Heap before GC invocations=14 (full 0):
 garbage-first heap   total 163840K, used 96160K [0x0000000083800000, 0x0000000100000000)
  region size 1024K, 2 young (2048K), 1 survivors (1024K)
 Metaspace       used 24496K, capacity 24748K, committed 25008K, reserved 1071104K
  class space    used 2699K, capacity 2781K, committed 2816K, reserved 1048576K
}
Event: 16.881 GC heap after
{Heap after GC invocations=15 (full 0):
 garbage-first heap   total 163840K, used 96421K [0x0000000083800000, 0x0000000100000000)
  region size 1024K, 2 young (2048K), 2 survivors (2048K)
 Metaspace       used 24496K, capacity 24748K, committed 25008K, reserved 1071104K
  class space    used 2699K, capacity 2781K, committed 2816K, reserved 1048576K
}
Event: 16.915 GC heap before
{Heap before GC invocations=16 (full 0):
 garbage-first heap   total 194560K, used 114853K [0x0000000083800000, 0x0000000100000000)
  region size 1024K, 4 young (4096K), 2 survivors (2048K)
 Metaspace       used 24511K, capacity 24812K, committed 25008K, reserved 1071104K
  class space    used 2699K, capacity 2781K, committed 2816K, reserved 1048576K
}
Event: 16.916 GC heap after
{Heap after GC invocations=17 (full 0):
 garbage-first heap   total 194560K, used 114061K [0x0000000083800000, 0x0000000100000000)
  region size 1024K, 2 young (2048K), 2 survivors (2048K)
 Metaspace       used 24511K, capacity 24812K, committed 25008K, reserved 1071104K
  class space    used 2699K, capacity 2781K, committed 2816K, reserved 1048576K
}
Event: 17.004 GC heap before
{Heap before GC invocations=18 (full 0):
 garbage-first heap   total 224256K, used 131469K [0x0000000083800000, 0x0000000100000000)
  region size 1024K, 3 young (3072K), 2 survivors (2048K)
 Metaspace       used 24519K, capacity 24812K, committed 25008K, reserved 1071104K
  class space    used 2699K, capacity 2781K, committed 2816K, reserved 1048576K
}
Event: 17.005 GC heap after
{Heap after GC invocations=19 (full 0):
 garbage-first heap   total 224256K, used 131730K [0x0000000083800000, 0x0000000100000000)
  region size 1024K, 2 young (2048K), 2 survivors (2048K)
 Metaspace       used 24519K, capacity 24812K, committed 25008K, reserved 1071104K
  class space    used 2699K, capacity 2781K, committed 2816K, reserved 1048576K
}

