# JRE version: OpenJDK Runtime Environment (15.0.1+9) (build 15.0.1+9-18)
# Java VM: OpenJDK 64-Bit Server VM (15.0.1+9-18, mixed mode, tiered, compressed oops, g1 gc, windows-amd64)
GC Precious Log:
 CPUs: 4 total, 4 available
 Memory: 7966M
 Large Page Support: Disabled
 NUMA Support: Disabled
 Compressed Oops: Enabled (32-bit)
 Heap Region Size: 1M
 Heap Min Capacity: 8M
 Heap Initial Capacity: 126M
 Heap Max Capacity: 1992M
 Pre-touch: Disabled
 Parallel Workers: 4
 Concurrent Workers: 1
 Concurrent Refinement Workers: 4
 Periodic GC: Disabled
Heap:
 garbage-first heap   total 75776K, used 43149K [0x0000000083800000, 0x0000000100000000)
  region size 1024K, 3 young (3072K), 2 survivors (2048K)
 Metaspace       used 24350K, capacity 24620K, committed 24832K, reserved 1071104K
  class space    used 2683K, capacity 2781K, committed 2816K, reserved 1048576K
GC Heap History (10 events):
Event: 1.001 GC heap before
{Heap before GC invocations=0 (full 0):
 garbage-first heap   total 129024K, used 12288K [0x0000000083800000, 0x0000000100000000)
  region size 1024K, 13 young (13312K), 0 survivors (0K)
 Metaspace       used 11190K, capacity 11326K, committed 11392K, reserved 1058816K
  class space    used 1094K, capacity 1150K, committed 1152K, reserved 1048576K
}
Event: 1.011 GC heap after
{Heap after GC invocations=1 (full 0):
 garbage-first heap   total 129024K, used 4221K [0x0000000083800000, 0x0000000100000000)
  region size 1024K, 2 young (2048K), 2 survivors (2048K)
 Metaspace       used 11190K, capacity 11326K, committed 11392K, reserved 1058816K
  class space    used 1094K, capacity 1150K, committed 1152K, reserved 1048576K
}
Event: 1.695 GC heap before
{Heap before GC invocations=1 (full 0):
 garbage-first heap   total 129024K, used 16509K [0x0000000083800000, 0x0000000100000000)
  region size 1024K, 14 young (14336K), 2 survivors (2048K)
 Metaspace       used 15987K, capacity 16156K, committed 16256K, reserved 1064960K
  class space    used 1595K, capacity 1647K, committed 1664K, reserved 1048576K
}
Event: 1.702 GC heap after
{Heap after GC invocations=2 (full 0):
 garbage-first heap   total 129024K, used 5830K [0x0000000083800000, 0x0000000100000000)
  region size 1024K, 2 young (2048K), 2 survivors (2048K)
 Metaspace       used 15987K, capacity 16156K, committed 16256K, reserved 1064960K
  class space    used 1595K, capacity 1647K, committed 1664K, reserved 1048576K
}
Event: 3.314 GC heap before
{Heap before GC invocations=2 (full 0):
 garbage-first heap   total 129024K, used 19142K [0x0000000083800000, 0x0000000100000000)
  region size 1024K, 17 young (17408K), 2 survivors (2048K)
 Metaspace       used 20769K, capacity 20988K, committed 21248K, reserved 1069056K
  class space    used 2227K, capacity 2276K, committed 2304K, reserved 1048576K
}
Event: 3.318 GC heap after
{Heap after GC invocations=3 (full 0):
 garbage-first heap   total 129024K, used 6945K [0x0000000083800000, 0x0000000100000000)
  region size 1024K, 3 young (3072K), 3 survivors (3072K)
 Metaspace       used 20769K, capacity 20988K, committed 21248K, reserved 1069056K
  class space    used 2227K, capacity 2276K, committed 2304K, reserved 1048576K
}
Event: 3.575 GC heap before
{Heap before GC invocations=4 (full 0):
 garbage-first heap   total 27648K, used 15137K [0x0000000083800000, 0x0000000100000000)
  region size 1024K, 12 young (12288K), 3 survivors (3072K)
 Metaspace       used 23158K, capacity 23378K, committed 23424K, reserved 1071104K
  class space    used 2555K, capacity 2645K, committed 2688K, reserved 1048576K
}
Event: 3.579 GC heap after
{Heap after GC invocations=5 (full 0):
 garbage-first heap   total 27648K, used 7567K [0x0000000083800000, 0x0000000100000000)
  region size 1024K, 1 young (1024K), 1 survivors (1024K)
 Metaspace       used 23158K, capacity 23378K, committed 23424K, reserved 1071104K
  class space    used 2555K, capacity 2645K, committed 2688K, reserved 1048576K
}
Event: 11.812 GC heap before
{Heap before GC invocations=6 (full 0):
 garbage-first heap   total 45056K, used 28047K [0x0000000083800000, 0x0000000100000000)
  region size 1024K, 5 young (5120K), 1 survivors (1024K)
 Metaspace       used 24348K, capacity 24620K, committed 24832K, reserved 1071104K
  class space    used 2683K, capacity 2781K, committed 2816K, reserved 1048576K
}
Event: 11.814 GC heap after
{Heap after GC invocations=7 (full 0):
 garbage-first heap   total 45056K, used 25741K [0x0000000083800000, 0x0000000100000000)
  region size 1024K, 2 young (2048K), 2 survivors (2048K)
 Metaspace       used 24348K, capacity 24620K, committed 24832K, reserved 1071104K
  class space    used 2683K, capacity 2781K, committed 2816K, reserved 1048576K
}

