# JRE version: OpenJDK Runtime Environment (15.0.1+9) (build 15.0.1+9-18)
# Java VM: OpenJDK 64-Bit Server VM (15.0.1+9-18, mixed mode, tiered, compressed oops, g1 gc, windows-amd64)
GC Precious Log:
 CPUs: 4 total, 4 available
 Memory: 7966M
 Large Page Support: Disabled
 NUMA Support: Disabled
 Compressed Oops: Enabled (32-bit)
 Heap Region Size: 1M
 Heap Min Capacity: 8M
 Heap Initial Capacity: 126M
 Heap Max Capacity: 1992M
 Pre-touch: Disabled
 Parallel Workers: 4
 Concurrent Workers: 1
 Concurrent Refinement Workers: 4
 Periodic GC: Disabled
Heap:
 garbage-first heap   total 163840K, used 96363K [0x0000000083800000, 0x0000000100000000)
  region size 1024K, 2 young (2048K), 1 survivors (1024K)
 Metaspace       used 24459K, capacity 24684K, committed 24832K, reserved 1071104K
  class space    used 2694K, capacity 2781K, committed 2816K, reserved 1048576K
GC Heap History (16 events):
Event: 0.696 GC heap before
{Heap before GC invocations=0 (full 0):
 garbage-first heap   total 129024K, used 12288K [0x0000000083800000, 0x0000000100000000)
  region size 1024K, 13 young (13312K), 0 survivors (0K)
 Metaspace       used 11161K, capacity 11262K, committed 11392K, reserved 1058816K
  class space    used 1095K, capacity 1150K, committed 1152K, reserved 1048576K
}
Event: 0.701 GC heap after
{Heap after GC invocations=1 (full 0):
 garbage-first heap   total 129024K, used 4272K [0x0000000083800000, 0x0000000100000000)
  region size 1024K, 2 young (2048K), 2 survivors (2048K)
 Metaspace       used 11161K, capacity 11262K, committed 11392K, reserved 1058816K
  class space    used 1095K, capacity 1150K, committed 1152K, reserved 1048576K
}
Event: 1.116 GC heap before
{Heap before GC invocations=1 (full 0):
 garbage-first heap   total 129024K, used 16560K [0x0000000083800000, 0x0000000100000000)
  region size 1024K, 14 young (14336K), 2 survivors (2048K)
 Metaspace       used 15957K, capacity 16156K, committed 16256K, reserved 1064960K
  class space    used 1596K, capacity 1647K, committed 1664K, reserved 1048576K
}
Event: 1.119 GC heap after
{Heap after GC invocations=2 (full 0):
 garbage-first heap   total 129024K, used 5857K [0x0000000083800000, 0x0000000100000000)
  region size 1024K, 2 young (2048K), 2 survivors (2048K)
 Metaspace       used 15957K, capacity 16156K, committed 16256K, reserved 1064960K
  class space    used 1596K, capacity 1647K, committed 1664K, reserved 1048576K
}
Event: 1.947 GC heap before
{Heap before GC invocations=2 (full 0):
 garbage-first heap   total 129024K, used 20193K [0x0000000083800000, 0x0000000100000000)
  region size 1024K, 17 young (17408K), 2 survivors (2048K)
 Metaspace       used 20758K, capacity 20988K, committed 21248K, reserved 1069056K
  class space    used 2226K, capacity 2276K, committed 2304K, reserved 1048576K
}
Event: 1.950 GC heap after
{Heap after GC invocations=3 (full 0):
 garbage-first heap   total 129024K, used 6997K [0x0000000083800000, 0x0000000100000000)
  region size 1024K, 3 young (3072K), 3 survivors (3072K)
 Metaspace       used 20758K, capacity 20988K, committed 21248K, reserved 1069056K
  class space    used 2226K, capacity 2276K, committed 2304K, reserved 1048576K
}
Event: 2.156 GC heap before
{Heap before GC invocations=4 (full 0):
 garbage-first heap   total 27648K, used 16213K [0x0000000083800000, 0x0000000100000000)
  region size 1024K, 13 young (13312K), 3 survivors (3072K)
 Metaspace       used 23133K, capacity 23378K, committed 23424K, reserved 1071104K
  class space    used 2553K, capacity 2645K, committed 2688K, reserved 1048576K
}
Event: 2.159 GC heap after
{Heap after GC invocations=5 (full 0):
 garbage-first heap   total 27648K, used 7771K [0x0000000083800000, 0x0000000100000000)
  region size 1024K, 4 young (4096K), 4 survivors (4096K)
 Metaspace       used 23133K, capacity 23378K, committed 23424K, reserved 1071104K
  class space    used 2553K, capacity 2645K, committed 2688K, reserved 1048576K
}
Event: 5.737 GC heap before
{Heap before GC invocations=6 (full 0):
 garbage-first heap   total 45056K, used 28251K [0x0000000083800000, 0x0000000100000000)
  region size 1024K, 8 young (8192K), 4 survivors (4096K)
 Metaspace       used 24333K, capacity 24588K, committed 24832K, reserved 1071104K
  class space    used 2681K, capacity 2749K, committed 2816K, reserved 1048576K
}
Event: 5.741 GC heap after
{Heap after GC invocations=7 (full 0):
 garbage-first heap   total 45056K, used 26041K [0x0000000083800000, 0x0000000100000000)
  region size 1024K, 2 young (2048K), 2 survivors (2048K)
 Metaspace       used 24333K, capacity 24588K, committed 24832K, reserved 1071104K
  class space    used 2681K, capacity 2749K, committed 2816K, reserved 1048576K
}
Event: 16.250 GC heap before
{Heap before GC invocations=8 (full 0):
 garbage-first heap   total 73728K, used 43449K [0x0000000083800000, 0x0000000100000000)
  region size 1024K, 3 young (3072K), 2 survivors (2048K)
 Metaspace       used 24392K, capacity 24684K, committed 24832K, reserved 1071104K
  class space    used 2689K, capacity 2781K, committed 2816K, reserved 1048576K
}
Event: 16.252 GC heap after
{Heap after GC invocations=9 (full 0):
 garbage-first heap   total 73728K, used 43718K [0x0000000083800000, 0x0000000100000000)
  region size 1024K, 2 young (2048K), 2 survivors (2048K)
 Metaspace       used 24392K, capacity 24684K, committed 24832K, reserved 1071104K
  class space    used 2689K, capacity 2781K, committed 2816K, reserved 1048576K
}
Event: 18.417 GC heap before
{Heap before GC invocations=10 (full 0):
 garbage-first heap   total 106496K, used 61126K [0x0000000083800000, 0x0000000100000000)
  region size 1024K, 3 young (3072K), 2 survivors (2048K)
 Metaspace       used 24436K, capacity 24684K, committed 24832K, reserved 1071104K
  class space    used 2694K, capacity 2781K, committed 2816K, reserved 1048576K
}
Event: 18.419 GC heap after
{Heap after GC invocations=11 (full 0):
 garbage-first heap   total 106496K, used 61363K [0x0000000083800000, 0x0000000100000000)
  region size 1024K, 1 young (1024K), 1 survivors (1024K)
 Metaspace       used 24436K, capacity 24684K, committed 24832K, reserved 1071104K
  class space    used 2694K, capacity 2781K, committed 2816K, reserved 1048576K
}
Event: 18.487 GC heap before
{Heap before GC invocations=12 (full 0):
 garbage-first heap   total 135168K, used 78771K [0x0000000083800000, 0x0000000100000000)
  region size 1024K, 2 young (2048K), 1 survivors (1024K)
 Metaspace       used 24458K, capacity 24684K, committed 24832K, reserved 1071104K
  class space    used 2694K, capacity 2781K, committed 2816K, reserved 1048576K
}
Event: 18.489 GC heap after
{Heap after GC invocations=13 (full 0):
 garbage-first heap   total 135168K, used 78955K [0x0000000083800000, 0x0000000100000000)
  region size 1024K, 1 young (1024K), 1 survivors (1024K)
 Metaspace       used 24458K, capacity 24684K, committed 24832K, reserved 1071104K
  class space    used 2694K, capacity 2781K, committed 2816K, reserved 1048576K
}

