# JRE version: OpenJDK Runtime Environment (15.0.1+9) (build 15.0.1+9-18)
# Java VM: OpenJDK 64-Bit Server VM (15.0.1+9-18, mixed mode, tiered, compressed oops, g1 gc, windows-amd64)
GC Precious Log:
 CPUs: 4 total, 4 available
 Memory: 7966M
 Large Page Support: Disabled
 NUMA Support: Disabled
 Compressed Oops: Enabled (32-bit)
 Heap Region Size: 1M
 Heap Min Capacity: 8M
 Heap Initial Capacity: 126M
 Heap Max Capacity: 1992M
 Pre-touch: Disabled
 Parallel Workers: 4
 Concurrent Workers: 1
 Concurrent Refinement Workers: 4
 Periodic GC: Disabled
Heap:
 garbage-first heap   total 77824K, used 43597K [0x0000000083800000, 0x0000000100000000)
  region size 1024K, 2 young (2048K), 2 survivors (2048K)
 Metaspace       used 24389K, capacity 24684K, committed 24752K, reserved 1071104K
  class space    used 2690K, capacity 2781K, committed 2816K, reserved 1048576K
GC Heap History (12 events):
Event: 0.607 GC heap before
{Heap before GC invocations=0 (full 0):
 garbage-first heap   total 129024K, used 12288K [0x0000000083800000, 0x0000000100000000)
  region size 1024K, 13 young (13312K), 0 survivors (0K)
 Metaspace       used 11171K, capacity 11262K, committed 11392K, reserved 1058816K
  class space    used 1096K, capacity 1150K, committed 1152K, reserved 1048576K
}
Event: 0.613 GC heap after
{Heap after GC invocations=1 (full 0):
 garbage-first heap   total 129024K, used 4151K [0x0000000083800000, 0x0000000100000000)
  region size 1024K, 2 young (2048K), 2 survivors (2048K)
 Metaspace       used 11171K, capacity 11262K, committed 11392K, reserved 1058816K
  class space    used 1096K, capacity 1150K, committed 1152K, reserved 1048576K
}
Event: 0.998 GC heap before
{Heap before GC invocations=1 (full 0):
 garbage-first heap   total 129024K, used 16439K [0x0000000083800000, 0x0000000100000000)
  region size 1024K, 14 young (14336K), 2 survivors (2048K)
 Metaspace       used 15927K, capacity 16092K, committed 16256K, reserved 1064960K
  class space    used 1593K, capacity 1647K, committed 1664K, reserved 1048576K
}
Event: 1.001 GC heap after
{Heap after GC invocations=2 (full 0):
 garbage-first heap   total 129024K, used 5859K [0x0000000083800000, 0x0000000100000000)
  region size 1024K, 2 young (2048K), 2 survivors (2048K)
 Metaspace       used 15927K, capacity 16092K, committed 16256K, reserved 1064960K
  class space    used 1593K, capacity 1647K, committed 1664K, reserved 1048576K
}
Event: 1.874 GC heap before
{Heap before GC invocations=2 (full 0):
 garbage-first heap   total 129024K, used 21219K [0x0000000083800000, 0x0000000100000000)
  region size 1024K, 18 young (18432K), 2 survivors (2048K)
 Metaspace       used 20872K, capacity 21090K, committed 21296K, reserved 1069056K
  class space    used 2245K, capacity 2310K, committed 2432K, reserved 1048576K
}
Event: 1.877 GC heap after
{Heap after GC invocations=3 (full 0):
 garbage-first heap   total 129024K, used 7044K [0x0000000083800000, 0x0000000100000000)
  region size 1024K, 3 young (3072K), 3 survivors (3072K)
 Metaspace       used 20872K, capacity 21090K, committed 21296K, reserved 1069056K
  class space    used 2245K, capacity 2310K, committed 2432K, reserved 1048576K
}
Event: 2.149 GC heap before
{Heap before GC invocations=4 (full 0):
 garbage-first heap   total 27648K, used 15236K [0x0000000083800000, 0x0000000100000000)
  region size 1024K, 12 young (12288K), 3 survivors (3072K)
 Metaspace       used 23144K, capacity 23378K, committed 23600K, reserved 1071104K
  class space    used 2554K, capacity 2645K, committed 2688K, reserved 1048576K
}
Event: 2.152 GC heap after
{Heap after GC invocations=5 (full 0):
 garbage-first heap   total 27648K, used 7621K [0x0000000083800000, 0x0000000100000000)
  region size 1024K, 4 young (4096K), 4 survivors (4096K)
 Metaspace       used 23144K, capacity 23378K, committed 23600K, reserved 1071104K
  class space    used 2554K, capacity 2645K, committed 2688K, reserved 1048576K
}
Event: 6.952 GC heap before
{Heap before GC invocations=6 (full 0):
 garbage-first heap   total 45056K, used 28101K [0x0000000083800000, 0x0000000100000000)
  region size 1024K, 8 young (8192K), 4 survivors (4096K)
 Metaspace       used 24337K, capacity 24588K, committed 24752K, reserved 1071104K
  class space    used 2682K, capacity 2749K, committed 2816K, reserved 1048576K
}
Event: 6.956 GC heap after
{Heap after GC invocations=7 (full 0):
 garbage-first heap   total 45056K, used 25863K [0x0000000083800000, 0x0000000100000000)
  region size 1024K, 2 young (2048K), 2 survivors (2048K)
 Metaspace       used 24337K, capacity 24588K, committed 24752K, reserved 1071104K
  class space    used 2682K, capacity 2749K, committed 2816K, reserved 1048576K
}
Event: 11.057 GC heap before
{Heap before GC invocations=8 (full 0):
 garbage-first heap   total 75776K, used 43271K [0x0000000083800000, 0x0000000100000000)
  region size 1024K, 3 young (3072K), 2 survivors (2048K)
 Metaspace       used 24388K, capacity 24620K, committed 24752K, reserved 1071104K
  class space    used 2690K, capacity 2781K, committed 2816K, reserved 1048576K
}
Event: 11.059 GC heap after
{Heap after GC invocations=9 (full 0):
 garbage-first heap   total 75776K, used 43597K [0x0000000083800000, 0x0000000100000000)
  region size 1024K, 2 young (2048K), 2 survivors (2048K)
 Metaspace       used 24388K, capacity 24620K, committed 24752K, reserved 1071104K
  class space    used 2690K, capacity 2781K, committed 2816K, reserved 1048576K
}

