<?xml version="1.0" encoding="UTF-8"?>
<!-- Generated by org.testng.reporters.JUnitXMLReporter -->
<testsuite ignored="0" hostname="DESKTOP-FJN25OM" failures="0" tests="6" name="Default test" time="0.745" errors="0" timestamp="2021-03-09T10:48:36 IST">
  <testcase classname="TestNG_Practice.DataprovidersDemo" name="moodleLogin" time="0.008"/>
  <testcase classname="TestNG_Practice.DataprovidersDemo" name="moodleLogin" time="0.003"/>
  <testcase classname="TestNG_Practice.DataprovidersDemo" name="moodleLogin" time="0.003"/>
  <testcase classname="TestNG_Practice.DataprovidersDemo" name="moodleLogin" time="0.007"/>
  <testcase classname="TestNG_Practice.DataprovidersDemo" name="moodleLogin" time="0.003"/>
  <testcase classname="TestNG_Practice.DataprovidersDemo" name="moodleLogin" time="0.002"/>
</testsuite> <!-- Default test -->
