<?xml version="1.0" encoding="UTF-8"?>
<!-- Generated by org.testng.reporters.JUnitXMLReporter -->
<testsuite ignored="0" hostname="DESKTOP-FJN25OM" failures="1" tests="1" name="Moodle login Parameter Test" time="0.059" errors="0" timestamp="2021-03-06T19:06:40 IST">
  <testcase classname="TestNG_Practice.ParametersDemo" name="moodleLogin" time="0.011">
    <failure type="java.lang.NullPointerException" message="Cannot invoke &amp;quot;org.openqa.selenium.WebDriver.close()&amp;quot; because &amp;quot;TestNG_Practice.ParametersDemo.driver&amp;quot; is null">
      <![CDATA[java.lang.NullPointerException: Cannot invoke "org.openqa.selenium.WebDriver.close()" because "TestNG_Practice.ParametersDemo.driver" is null
at TestNG_Practice.ParametersDemo.moodleLogin(ParametersDemo.java:35)
at java.base/java.util.concurrent.ThreadPoolExecutor.runWorker(ThreadPoolExecutor.java:1130)
at java.base/java.util.concurrent.ThreadPoolExecutor$Worker.run(ThreadPoolExecutor.java:630)
at java.base/java.lang.Thread.run(Thread.java:832)
... Removed 12 stack frames]]>
    </failure>
  </testcase> <!-- moodleLogin -->
</testsuite> <!-- Moodle login Parameter Test -->
